2025/02/05 23:00:04 Got arrow key
2025/02/05 23:00:04 writing...257
2025/02/05 23:00:05 Got kill cmd
2025/02/05 23:00:05 Connection closed by server: read tcp 127.0.0.1:52922->127.0.0.1:8000: use of closed network connection
2025/02/05 23:00:05 Recieved: 
2025/02/05 23:00:05 Connection closed by server: read tcp 127.0.0.1:52922->127.0.0.1:8000: use of closed network connection
2025/02/05 23:00:05 Recieved: 
2025/02/05 23:00:05 Connection closed by server: read tcp 127.0.0.1:52922->127.0.0.1:8000: use of closed network connection
2025/02/05 23:01:48 Got arrow key
2025/02/05 23:01:48 writing...258
2025/02/05 23:01:48 Got arrow key
2025/02/05 23:01:48 writing...257
2025/02/05 23:01:49 Got arrow key
2025/02/05 23:01:49 writing...258
2025/02/05 23:01:49 Got arrow key
2025/02/05 23:01:49 writing...257
2025/02/05 23:01:49 Got arrow key
2025/02/05 23:01:49 writing...258
2025/02/05 23:01:49 Got arrow key
2025/02/05 23:01:49 writing...257
2025/02/05 23:01:50 Got arrow key
2025/02/05 23:01:50 writing...258
2025/02/05 23:01:50 Got arrow key
2025/02/05 23:01:50 writing...257
2025/02/05 23:01:50 Got arrow key
2025/02/05 23:01:50 writing...258
2025/02/05 23:01:50 Got arrow key
2025/02/05 23:01:50 writing...257
2025/02/05 23:01:50 Got arrow key
2025/02/05 23:01:50 writing...258
2025/02/05 23:01:51 Got arrow key
2025/02/05 23:01:51 writing...257
2025/02/05 23:01:51 Got arrow key
2025/02/05 23:01:51 writing...258
2025/02/05 23:01:51 Got arrow key
2025/02/05 23:01:51 writing...257
2025/02/05 23:01:51 Got arrow key
2025/02/05 23:01:51 writing...258
2025/02/05 23:01:52 Got arrow key
2025/02/05 23:01:52 writing...258
2025/02/05 23:01:52 Got arrow key
2025/02/05 23:01:52 writing...257
2025/02/05 23:01:52 Got arrow key
2025/02/05 23:01:52 writing...258
2025/02/05 23:01:52 Got arrow key
2025/02/05 23:01:52 writing...257
2025/02/05 23:01:52 Got arrow key
2025/02/05 23:01:52 writing...258
2025/02/05 23:01:53 Got arrow key
2025/02/05 23:01:53 writing...257
2025/02/05 23:01:53 Got arrow key
2025/02/05 23:01:53 writing...258
2025/02/05 23:01:53 Got arrow key
2025/02/05 23:01:53 writing...257
2025/02/05 23:01:53 Got arrow key
2025/02/05 23:01:53 writing...258
2025/02/05 23:01:54 Got arrow key
2025/02/05 23:01:54 writing...257
2025/02/05 23:02:33 Got kill cmd
2025/02/05 23:02:36 Got arrow key
2025/02/05 23:02:36 writing...257
2025/02/05 23:02:36 Got arrow key
2025/02/05 23:02:36 writing...257
2025/02/05 23:02:37 Got arrow key
2025/02/05 23:02:37 writing...258
2025/02/05 23:02:37 Got arrow key
2025/02/05 23:02:37 writing...257
2025/02/05 23:02:37 Got arrow key
2025/02/05 23:02:37 writing...258
2025/02/05 23:02:37 Got arrow key
2025/02/05 23:02:37 writing...257
2025/02/05 23:02:38 Got arrow key
2025/02/05 23:02:38 writing...258
2025/02/05 23:02:38 Got arrow key
2025/02/05 23:02:38 writing...257
2025/02/05 23:02:38 Got arrow key
2025/02/05 23:02:38 writing...258
2025/02/05 23:02:38 Got arrow key
2025/02/05 23:02:38 writing...257
2025/02/05 23:02:39 Got kill cmd
2025/02/05 23:03:54 Got kill cmd
